2019-09-09 11:23:12,582 ERROR [Worker-6] - Statistics - Statistics file `C:\Users\Support\.scalaide\statistics` is corrupted. A new one is being created. Corrupted content was:

com.cedarsoftware.util.io.JsonIoException: error parsing JSON value
	at com.cedarsoftware.util.io.JsonReader.readObject(JsonReader.java:529)
	at com.cedarsoftware.util.io.JsonReader.jsonToJava(JsonReader.java:289)
	at com.cedarsoftware.util.io.JsonReader.jsonToJava(JsonReader.java:262)
	at org.scalaide.core.internal.statistics.Statistics.read(Statistics.scala:74)
	at org.scalaide.core.internal.statistics.Statistics.$anonfun$readStats$1(Statistics.scala:52)
	at org.scalaide.core.internal.statistics.Statistics.$anonfun$readStats$1$adapted(Statistics.scala:51)
	at org.scalaide.core.ScalaIdeDataStore$.$anonfun$validate$2(ScalaIdeDataStore.scala:59)
	at org.scalaide.util.eclipse.EclipseUtils$$anon$3.run(EclipseUtils.scala:230)
	at org.eclipse.core.runtime.SafeRunner.run(SafeRunner.java:42)
	at org.scalaide.util.eclipse.EclipseUtils$.withSafeRunner(EclipseUtils.scala:226)
	at org.scalaide.core.ScalaIdeDataStore$.validate(ScalaIdeDataStore.scala:59)
	at org.scalaide.core.internal.statistics.Statistics.readStats(Statistics.scala:51)
	at org.scalaide.core.internal.statistics.Statistics.<init>(Statistics.scala:30)
	at org.scalaide.core.internal.ScalaPlugin.stats$lzycompute(ScalaPlugin.scala:135)
	at org.scalaide.core.internal.ScalaPlugin.stats(ScalaPlugin.scala:135)
	at org.scalaide.core.internal.ScalaPlugin.statistics(ScalaPlugin.scala:138)
	at org.scalaide.core.internal.ScalaPlugin.start(ScalaPlugin.scala:109)
	at org.eclipse.osgi.internal.framework.BundleContextImpl$3.run(BundleContextImpl.java:779)
	at org.eclipse.osgi.internal.framework.BundleContextImpl$3.run(BundleContextImpl.java:1)
	at java.security.AccessController.doPrivileged(Native Method)
	at org.eclipse.osgi.internal.framework.BundleContextImpl.startActivator(BundleContextImpl.java:772)
	at org.eclipse.osgi.internal.framework.BundleContextImpl.start(BundleContextImpl.java:729)
	at org.eclipse.osgi.internal.framework.EquinoxBundle.startWorker0(EquinoxBundle.java:933)
	at org.eclipse.osgi.internal.framework.EquinoxBundle$EquinoxModule.startWorker(EquinoxBundle.java:309)
	at org.eclipse.osgi.container.Module.doStart(Module.java:581)
	at org.eclipse.osgi.container.Module.start(Module.java:449)
	at org.eclipse.osgi.framework.util.SecureAction.start(SecureAction.java:468)
	at org.eclipse.osgi.internal.hooks.EclipseLazyStarter.postFindLocalClass(EclipseLazyStarter.java:103)
	at org.eclipse.osgi.internal.loader.classpath.ClasspathManager.findLocalClass(ClasspathManager.java:529)
	at org.eclipse.osgi.internal.loader.ModuleClassLoader.findLocalClass(ModuleClassLoader.java:328)
	at org.eclipse.osgi.internal.loader.BundleLoader.findLocalClass(BundleLoader.java:368)
	at org.eclipse.osgi.internal.loader.BundleLoader.findClassInternal(BundleLoader.java:446)
	at org.eclipse.osgi.internal.loader.BundleLoader.findClass(BundleLoader.java:395)
	at org.eclipse.osgi.internal.loader.BundleLoader.findClass(BundleLoader.java:387)
	at org.eclipse.osgi.internal.loader.ModuleClassLoader.loadClass(ModuleClassLoader.java:150)
	at java.lang.ClassLoader.loadClass(Unknown Source)
	at org.eclipse.osgi.internal.framework.EquinoxBundle.loadClass(EquinoxBundle.java:564)
	at org.eclipse.core.internal.registry.osgi.RegistryStrategyOSGI.createExecutableExtension(RegistryStrategyOSGI.java:174)
	at org.eclipse.core.internal.registry.ExtensionRegistry.createExecutableExtension(ExtensionRegistry.java:905)
	at org.eclipse.core.internal.registry.ConfigurationElement.createExecutableExtension(ConfigurationElement.java:243)
	at org.eclipse.core.internal.registry.ConfigurationElementHandle.createExecutableExtension(ConfigurationElementHandle.java:55)
	at org.eclipse.ui.internal.WorkbenchPlugin.lambda$0(WorkbenchPlugin.java:288)
	at org.eclipse.swt.custom.BusyIndicator.showWhile(BusyIndicator.java:52)
	at org.eclipse.ui.internal.WorkbenchPlugin.createExtension(WorkbenchPlugin.java:285)
	at org.eclipse.ui.internal.decorators.LightweightDecoratorDefinition$1.run(LightweightDecoratorDefinition.java:125)
	at org.eclipse.core.runtime.SafeRunner.run(SafeRunner.java:42)
	at org.eclipse.ui.internal.decorators.LightweightDecoratorDefinition.internalGetDecorator(LightweightDecoratorDefinition.java:120)
	at org.eclipse.ui.internal.decorators.LightweightDecoratorDefinition.decorate(LightweightDecoratorDefinition.java:242)
	at org.eclipse.ui.internal.decorators.LightweightDecoratorManager$LightweightRunnable.run(LightweightDecoratorManager.java:104)
	at org.eclipse.core.runtime.SafeRunner.run(SafeRunner.java:42)
	at org.eclipse.ui.internal.decorators.LightweightDecoratorManager.decorate(LightweightDecoratorManager.java:377)
	at org.eclipse.ui.internal.decorators.LightweightDecoratorManager.getDecorations(LightweightDecoratorManager.java:359)
	at org.eclipse.ui.internal.decorators.DecorationScheduler$1.ensureResultCached(DecorationScheduler.java:347)
	at org.eclipse.ui.internal.decorators.DecorationScheduler$1.run(DecorationScheduler.java:311)
	at org.eclipse.core.internal.jobs.Worker.run(Worker.java:56)
Caused by: com.cedarsoftware.util.io.JsonIoException: EOF reached prematurely
	at com.cedarsoftware.util.io.JsonParser.error(JsonParser.java:584)
	at com.cedarsoftware.util.io.JsonParser.readValue(JsonParser.java:278)
	at com.cedarsoftware.util.io.JsonReader.readObject(JsonReader.java:521)
	... 54 more
2019-09-09 11:23:29,080 ERROR [Worker-12] - System.err - log4j:WARN File option not set for appender [file].
2019-09-09 11:23:29,090 ERROR [Worker-12] - System.err - log4j:WARN Are you using FileAppender instead of ConsoleAppender?
2019-09-09 11:23:29,111 ERROR [Worker-12] - System.err - AI: INFO 09-09-2019 11:23, 39: Configuration file 'ApplicationInsights.xml' was NOT found by default class loader
2019-09-09 11:23:29,112 ERROR [Worker-12] - System.err - AI: WARN 09-09-2019 11:23, 39: Failed to find configuration file, exception while fetching from library location: 'Illegal character in path at index 10: file:/D:/D drive/eclipse/configuration/org.eclipse.osgi/1020/0/.cp/lib/applicationinsights-core-2.0.1.jar'
2019-09-09 11:23:29,143 ERROR [Worker-12] - System.err - AI: WARN 09-09-2019 11:23, 39: Configuration file 'ApplicationInsights.xml' could not be found
2019-09-09 11:23:32,221 ERROR [ActiveTransmissionNetworkOutput_1-0] - System.err - log4j:WARN No appenders could be found for logger (com.microsoft.applicationinsights.core.dependencies.http.client.protocol.RequestAddCookies).
2019-09-09 11:23:32,222 ERROR [ActiveTransmissionNetworkOutput_1-0] - System.err - log4j:WARN Please initialize the log4j system properly.
2019-09-09 11:23:32,222 ERROR [ActiveTransmissionNetworkOutput_1-0] - System.err - log4j:WARN See http://logging.apache.org/log4j/1.2/faq.html#noconfig for more info.
2019-09-09 11:56:31,951 ERROR [TestNG - ServerConnection] - System.err - java.net.SocketException: Software caused connection abort: recv failed
2019-09-09 11:56:31,971 ERROR [TestNG - ServerConnection] - System.err - at java.net.SocketInputStream.socketRead0(Native Method)
2019-09-09 11:56:31,971 ERROR [TestNG - ServerConnection] - System.err - at java.net.SocketInputStream.socketRead(Unknown Source)
2019-09-09 11:56:31,971 ERROR [TestNG - ServerConnection] - System.err - at java.net.SocketInputStream.read(Unknown Source)
2019-09-09 11:56:31,971 ERROR [TestNG - ServerConnection] - System.err - at java.net.SocketInputStream.read(Unknown Source)
2019-09-09 11:56:31,971 ERROR [TestNG - ServerConnection] - System.err - at sun.nio.cs.StreamDecoder.readBytes(Unknown Source)
2019-09-09 11:56:31,972 ERROR [TestNG - ServerConnection] - System.err - at sun.nio.cs.StreamDecoder.implRead(Unknown Source)
2019-09-09 11:56:31,972 ERROR [TestNG - ServerConnection] - System.err - at sun.nio.cs.StreamDecoder.read(Unknown Source)
2019-09-09 11:56:31,972 ERROR [TestNG - ServerConnection] - System.err - at java.io.InputStreamReader.read(Unknown Source)
2019-09-09 11:56:31,972 ERROR [TestNG - ServerConnection] - System.err - at java.io.BufferedReader.fill(Unknown Source)
2019-09-09 11:56:31,972 ERROR [TestNG - ServerConnection] - System.err - at java.io.BufferedReader.readLine(Unknown Source)
2019-09-09 11:56:31,972 ERROR [TestNG - ServerConnection] - System.err - at java.io.BufferedReader.readLine(Unknown Source)
2019-09-09 11:56:31,972 ERROR [TestNG - ServerConnection] - System.err - at org.testng.remote.strprotocol.JsonMessageSender.receiveMessage(JsonMessageSender.java:68)
2019-09-09 11:56:31,972 ERROR [TestNG - ServerConnection] - System.err - at org.testng.remote.strprotocol.MessageHub.receiveMessage(MessageHub.java:51)
2019-09-09 11:56:31,972 ERROR [TestNG - ServerConnection] - System.err - at org.testng.remote.strprotocol.AbstractRemoteTestRunnerClient$ServerConnection.run(AbstractRemoteTestRunnerClient.java:200)
2019-09-09 12:15:45,161 ERROR [Thread-5] - System.err - [Fatal Error] :1:1: Content is not allowed in prolog.
2019-09-09 12:16:08,995 ERROR [Thread-5] - System.err - [Fatal Error] :1:1: Content is not allowed in prolog.
2019-09-09 12:16:25,563 ERROR [Thread-5] - System.err - [Fatal Error] :1:1: Content is not allowed in prolog.
2019-09-09 12:16:41,709 ERROR [Thread-5] - System.err - [Fatal Error] :1:1: Content is not allowed in prolog.
2019-09-09 12:16:58,164 ERROR [Thread-5] - System.err - [Fatal Error] :1:1: Content is not allowed in prolog.
2019-09-09 12:17:14,944 ERROR [Thread-5] - System.err - [Fatal Error] :1:1: Content is not allowed in prolog.
2019-09-09 12:17:31,323 ERROR [Thread-5] - System.err - [Fatal Error] :1:1: Content is not allowed in prolog.
2019-09-09 12:17:47,349 ERROR [Thread-5] - System.err - [Fatal Error] :1:1: Content is not allowed in prolog.
2019-09-09 12:18:03,301 ERROR [Thread-5] - System.err - [Fatal Error] :1:1: Content is not allowed in prolog.
2019-09-09 12:18:19,337 ERROR [Thread-5] - System.err - [Fatal Error] :1:1: Content is not allowed in prolog.
2019-09-09 12:18:35,613 ERROR [Thread-5] - System.err - [Fatal Error] :1:1: Content is not allowed in prolog.
2019-09-09 12:18:51,643 ERROR [Thread-5] - System.err - [Fatal Error] :1:1: Content is not allowed in prolog.
2019-09-09 12:19:08,283 ERROR [Thread-5] - System.err - [Fatal Error] :1:1: Content is not allowed in prolog.
2019-09-09 12:19:25,038 ERROR [Thread-5] - System.err - [Fatal Error] :1:1: Content is not allowed in prolog.
2019-09-09 12:19:42,676 ERROR [Thread-5] - System.err - [Fatal Error] :1:1: Content is not allowed in prolog.
2019-09-09 12:19:59,402 ERROR [Thread-5] - System.err - [Fatal Error] :1:1: Content is not allowed in prolog.
2019-09-09 12:20:17,354 ERROR [Thread-5] - System.err - [Fatal Error] :1:1: Content is not allowed in prolog.
2019-09-09 12:20:34,458 ERROR [Thread-5] - System.err - [Fatal Error] :1:1: Content is not allowed in prolog.
2019-09-09 12:20:53,629 ERROR [Thread-5] - System.err - [Fatal Error] :1:1: Content is not allowed in prolog.
2019-09-09 12:21:11,601 ERROR [Thread-5] - System.err - [Fatal Error] :1:1: Content is not allowed in prolog.
2019-09-09 12:21:28,432 ERROR [Thread-5] - System.err - [Fatal Error] :1:1: Content is not allowed in prolog.
2019-09-09 12:21:45,382 ERROR [Thread-5] - System.err - [Fatal Error] :1:1: Content is not allowed in prolog.
2019-09-09 12:22:03,113 ERROR [Thread-5] - System.err - [Fatal Error] :1:1: Content is not allowed in prolog.
2019-09-09 12:22:19,764 ERROR [Thread-5] - System.err - [Fatal Error] :1:1: Content is not allowed in prolog.
2019-09-09 12:22:40,430 ERROR [Thread-5] - System.err - [Fatal Error] :1:1: Content is not allowed in prolog.
2019-09-09 12:22:57,728 ERROR [Thread-5] - System.err - [Fatal Error] :1:1: Content is not allowed in prolog.
2019-09-09 12:23:14,417 ERROR [Thread-5] - System.err - [Fatal Error] :1:1: Content is not allowed in prolog.
2019-09-09 12:23:33,446 ERROR [Thread-5] - System.err - [Fatal Error] :1:1: Content is not allowed in prolog.
2019-09-09 12:23:50,983 ERROR [Thread-5] - System.err - [Fatal Error] :1:1: Content is not allowed in prolog.
2019-09-09 12:24:07,954 ERROR [Thread-5] - System.err - [Fatal Error] :1:1: Content is not allowed in prolog.
2019-09-09 12:24:24,976 ERROR [Thread-5] - System.err - [Fatal Error] :1:1: Content is not allowed in prolog.
2019-09-09 12:24:41,978 ERROR [Thread-5] - System.err - [Fatal Error] :1:1: Content is not allowed in prolog.
2019-09-09 12:24:58,730 ERROR [Thread-5] - System.err - [Fatal Error] :1:1: Content is not allowed in prolog.
2019-09-09 12:25:15,909 ERROR [Thread-5] - System.err - [Fatal Error] :1:1: Content is not allowed in prolog.
2019-09-09 12:25:33,908 ERROR [Thread-5] - System.err - [Fatal Error] :1:1: Content is not allowed in prolog.
2019-09-09 12:25:51,860 ERROR [Thread-5] - System.err - [Fatal Error] :1:1: Content is not allowed in prolog.
2019-09-09 12:26:08,561 ERROR [Thread-5] - System.err - [Fatal Error] :1:1: Content is not allowed in prolog.
2019-09-09 12:26:25,572 ERROR [Thread-5] - System.err - [Fatal Error] :1:1: Content is not allowed in prolog.
2019-09-09 12:26:41,962 ERROR [Thread-5] - System.err - [Fatal Error] :1:1: Content is not allowed in prolog.
2019-09-09 12:26:58,795 ERROR [Thread-5] - System.err - [Fatal Error] :1:1: Content is not allowed in prolog.
2019-09-09 12:27:17,102 ERROR [Thread-5] - System.err - [Fatal Error] :1:1: Content is not allowed in prolog.
2019-09-09 12:27:34,898 ERROR [Thread-5] - System.err - [Fatal Error] :1:1: Content is not allowed in prolog.
2019-09-09 12:27:51,908 ERROR [Thread-5] - System.err - [Fatal Error] :1:1: Content is not allowed in prolog.
2019-09-09 12:28:09,759 ERROR [Thread-5] - System.err - [Fatal Error] :1:1: Content is not allowed in prolog.
2019-09-09 12:28:27,626 ERROR [Thread-5] - System.err - [Fatal Error] :1:1: Content is not allowed in prolog.
2019-09-09 12:28:43,300 ERROR [Thread-5] - System.err - [Fatal Error] :1:1: Content is not allowed in prolog.
2019-09-09 12:28:59,175 ERROR [Thread-5] - System.err - [Fatal Error] :1:1: Content is not allowed in prolog.
2019-09-09 12:29:15,251 ERROR [Thread-5] - System.err - [Fatal Error] :1:1: Content is not allowed in prolog.
2019-09-09 12:29:30,586 ERROR [Thread-5] - System.err - [Fatal Error] :1:1: Content is not allowed in prolog.
2019-09-09 12:29:46,037 ERROR [Thread-5] - System.err - [Fatal Error] :1:1: Content is not allowed in prolog.
2019-09-09 12:30:01,451 ERROR [Thread-5] - System.err - [Fatal Error] :1:1: Content is not allowed in prolog.
2019-09-09 12:30:16,832 ERROR [Thread-5] - System.err - [Fatal Error] :1:1: Content is not allowed in prolog.
2019-09-09 12:30:33,858 ERROR [Thread-5] - System.err - [Fatal Error] :1:1: Content is not allowed in prolog.
2019-09-09 12:30:51,947 ERROR [Thread-5] - System.err - [Fatal Error] :1:1: Content is not allowed in prolog.
2019-09-09 12:40:54,813 ERROR [TestNG - ServerConnection] - System.err - java.net.SocketException: Connection reset
2019-09-09 12:40:54,813 ERROR [TestNG - ServerConnection] - System.err - at java.net.SocketInputStream.read(Unknown Source)
2019-09-09 12:40:54,813 ERROR [TestNG - ServerConnection] - System.err - at java.net.SocketInputStream.read(Unknown Source)
2019-09-09 12:40:54,814 ERROR [TestNG - ServerConnection] - System.err - at sun.nio.cs.StreamDecoder.readBytes(Unknown Source)
2019-09-09 12:40:54,814 ERROR [TestNG - ServerConnection] - System.err - at sun.nio.cs.StreamDecoder.implRead(Unknown Source)
2019-09-09 12:40:54,814 ERROR [TestNG - ServerConnection] - System.err - at sun.nio.cs.StreamDecoder.read(Unknown Source)
2019-09-09 12:40:54,814 ERROR [TestNG - ServerConnection] - System.err - at java.io.InputStreamReader.read(Unknown Source)
2019-09-09 12:40:54,814 ERROR [TestNG - ServerConnection] - System.err - at java.io.BufferedReader.fill(Unknown Source)
2019-09-09 12:40:54,814 ERROR [TestNG - ServerConnection] - System.err - at java.io.BufferedReader.readLine(Unknown Source)
2019-09-09 12:40:54,814 ERROR [TestNG - ServerConnection] - System.err - at java.io.BufferedReader.readLine(Unknown Source)
2019-09-09 12:40:54,814 ERROR [TestNG - ServerConnection] - System.err - at org.testng.remote.strprotocol.JsonMessageSender.receiveMessage(JsonMessageSender.java:68)
2019-09-09 12:40:54,814 ERROR [TestNG - ServerConnection] - System.err - at org.testng.remote.strprotocol.MessageHub.receiveMessage(MessageHub.java:51)
2019-09-09 12:40:54,814 ERROR [TestNG - ServerConnection] - System.err - at org.testng.remote.strprotocol.AbstractRemoteTestRunnerClient$ServerConnection.run(AbstractRemoteTestRunnerClient.java:200)
2019-09-09 12:51:43,893 ERROR [TestNG - ServerConnection] - System.err - java.net.SocketException: Connection reset
2019-09-09 12:51:43,893 ERROR [TestNG - ServerConnection] - System.err - at java.net.SocketInputStream.read(Unknown Source)
2019-09-09 12:51:43,893 ERROR [TestNG - ServerConnection] - System.err - at java.net.SocketInputStream.read(Unknown Source)
2019-09-09 12:51:43,893 ERROR [TestNG - ServerConnection] - System.err - at sun.nio.cs.StreamDecoder.readBytes(Unknown Source)
2019-09-09 12:51:43,893 ERROR [TestNG - ServerConnection] - System.err - at sun.nio.cs.StreamDecoder.implRead(Unknown Source)
2019-09-09 12:51:43,893 ERROR [TestNG - ServerConnection] - System.err - at sun.nio.cs.StreamDecoder.read(Unknown Source)
2019-09-09 12:51:43,893 ERROR [TestNG - ServerConnection] - System.err - at java.io.InputStreamReader.read(Unknown Source)
2019-09-09 12:51:43,893 ERROR [TestNG - ServerConnection] - System.err - at java.io.BufferedReader.fill(Unknown Source)
2019-09-09 12:51:43,893 ERROR [TestNG - ServerConnection] - System.err - at java.io.BufferedReader.readLine(Unknown Source)
2019-09-09 12:51:43,893 ERROR [TestNG - ServerConnection] - System.err - at java.io.BufferedReader.readLine(Unknown Source)
2019-09-09 12:51:43,893 ERROR [TestNG - ServerConnection] - System.err - at org.testng.remote.strprotocol.JsonMessageSender.receiveMessage(JsonMessageSender.java:68)
2019-09-09 12:51:43,893 ERROR [TestNG - ServerConnection] - System.err - at org.testng.remote.strprotocol.MessageHub.receiveMessage(MessageHub.java:51)
2019-09-09 12:51:43,893 ERROR [TestNG - ServerConnection] - System.err - at org.testng.remote.strprotocol.AbstractRemoteTestRunnerClient$ServerConnection.run(AbstractRemoteTestRunnerClient.java:200)
2019-09-09 12:52:46,770 ERROR [TestNG - ServerConnection] - System.err - java.net.SocketException: Connection reset
2019-09-09 12:52:46,770 ERROR [TestNG - ServerConnection] - System.err - at java.net.SocketInputStream.read(Unknown Source)
2019-09-09 12:52:46,770 ERROR [TestNG - ServerConnection] - System.err - at java.net.SocketInputStream.read(Unknown Source)
2019-09-09 12:52:46,770 ERROR [TestNG - ServerConnection] - System.err - at sun.nio.cs.StreamDecoder.readBytes(Unknown Source)
2019-09-09 12:52:46,770 ERROR [TestNG - ServerConnection] - System.err - at sun.nio.cs.StreamDecoder.implRead(Unknown Source)
2019-09-09 12:52:46,770 ERROR [TestNG - ServerConnection] - System.err - at sun.nio.cs.StreamDecoder.read(Unknown Source)
2019-09-09 12:52:46,770 ERROR [TestNG - ServerConnection] - System.err - at java.io.InputStreamReader.read(Unknown Source)
2019-09-09 12:52:46,770 ERROR [TestNG - ServerConnection] - System.err - at java.io.BufferedReader.fill(Unknown Source)
2019-09-09 12:52:46,770 ERROR [TestNG - ServerConnection] - System.err - at java.io.BufferedReader.readLine(Unknown Source)
2019-09-09 12:52:46,770 ERROR [TestNG - ServerConnection] - System.err - at java.io.BufferedReader.readLine(Unknown Source)
2019-09-09 12:52:46,770 ERROR [TestNG - ServerConnection] - System.err - at org.testng.remote.strprotocol.JsonMessageSender.receiveMessage(JsonMessageSender.java:68)
2019-09-09 12:52:46,770 ERROR [TestNG - ServerConnection] - System.err - at org.testng.remote.strprotocol.MessageHub.receiveMessage(MessageHub.java:51)
2019-09-09 12:52:46,770 ERROR [TestNG - ServerConnection] - System.err - at org.testng.remote.strprotocol.AbstractRemoteTestRunnerClient$ServerConnection.run(AbstractRemoteTestRunnerClient.java:200)
2019-09-09 13:09:17,377 ERROR [TestNG - ServerConnection] - System.err - java.net.SocketException: Connection reset
2019-09-09 13:09:17,377 ERROR [TestNG - ServerConnection] - System.err - at java.net.SocketInputStream.read(Unknown Source)
2019-09-09 13:09:17,377 ERROR [TestNG - ServerConnection] - System.err - at java.net.SocketInputStream.read(Unknown Source)
2019-09-09 13:09:17,377 ERROR [TestNG - ServerConnection] - System.err - at sun.nio.cs.StreamDecoder.readBytes(Unknown Source)
2019-09-09 13:09:17,377 ERROR [TestNG - ServerConnection] - System.err - at sun.nio.cs.StreamDecoder.implRead(Unknown Source)
2019-09-09 13:09:17,377 ERROR [TestNG - ServerConnection] - System.err - at sun.nio.cs.StreamDecoder.read(Unknown Source)
2019-09-09 13:09:17,377 ERROR [TestNG - ServerConnection] - System.err - at java.io.InputStreamReader.read(Unknown Source)
2019-09-09 13:09:17,377 ERROR [TestNG - ServerConnection] - System.err - at java.io.BufferedReader.fill(Unknown Source)
2019-09-09 13:09:17,377 ERROR [TestNG - ServerConnection] - System.err - at java.io.BufferedReader.readLine(Unknown Source)
2019-09-09 13:09:17,377 ERROR [TestNG - ServerConnection] - System.err - at java.io.BufferedReader.readLine(Unknown Source)
2019-09-09 13:09:17,377 ERROR [TestNG - ServerConnection] - System.err - at org.testng.remote.strprotocol.JsonMessageSender.receiveMessage(JsonMessageSender.java:68)
2019-09-09 13:09:17,378 ERROR [TestNG - ServerConnection] - System.err - at org.testng.remote.strprotocol.MessageHub.receiveMessage(MessageHub.java:51)
2019-09-09 13:09:17,378 ERROR [TestNG - ServerConnection] - System.err - at org.testng.remote.strprotocol.AbstractRemoteTestRunnerClient$ServerConnection.run(AbstractRemoteTestRunnerClient.java:200)
2019-09-10 13:19:13,942 ERROR [TestNG - ServerConnection] - System.err - java.net.SocketException: Software caused connection abort: recv failed
2019-09-10 13:19:13,985 ERROR [TestNG - ServerConnection] - System.err - at java.net.SocketInputStream.socketRead0(Native Method)
2019-09-10 13:19:13,985 ERROR [TestNG - ServerConnection] - System.err - at java.net.SocketInputStream.socketRead(Unknown Source)
2019-09-10 13:19:13,985 ERROR [TestNG - ServerConnection] - System.err - at java.net.SocketInputStream.read(Unknown Source)
2019-09-10 13:19:13,985 ERROR [TestNG - ServerConnection] - System.err - at java.net.SocketInputStream.read(Unknown Source)
2019-09-10 13:19:13,985 ERROR [TestNG - ServerConnection] - System.err - at sun.nio.cs.StreamDecoder.readBytes(Unknown Source)
2019-09-10 13:19:13,985 ERROR [TestNG - ServerConnection] - System.err - at sun.nio.cs.StreamDecoder.implRead(Unknown Source)
2019-09-10 13:19:13,985 ERROR [TestNG - ServerConnection] - System.err - at sun.nio.cs.StreamDecoder.read(Unknown Source)
2019-09-10 13:19:13,985 ERROR [TestNG - ServerConnection] - System.err - at java.io.InputStreamReader.read(Unknown Source)
2019-09-10 13:19:13,985 ERROR [TestNG - ServerConnection] - System.err - at java.io.BufferedReader.fill(Unknown Source)
2019-09-10 13:19:13,985 ERROR [TestNG - ServerConnection] - System.err - at java.io.BufferedReader.readLine(Unknown Source)
2019-09-10 13:19:13,985 ERROR [TestNG - ServerConnection] - System.err - at java.io.BufferedReader.readLine(Unknown Source)
2019-09-10 13:19:13,985 ERROR [TestNG - ServerConnection] - System.err - at org.testng.remote.strprotocol.JsonMessageSender.receiveMessage(JsonMessageSender.java:68)
2019-09-10 13:19:13,985 ERROR [TestNG - ServerConnection] - System.err - at org.testng.remote.strprotocol.MessageHub.receiveMessage(MessageHub.java:51)
2019-09-10 13:19:13,985 ERROR [TestNG - ServerConnection] - System.err - at org.testng.remote.strprotocol.AbstractRemoteTestRunnerClient$ServerConnection.run(AbstractRemoteTestRunnerClient.java:200)
2019-09-10 13:22:51,714 ERROR [TestNG - ServerConnection] - System.err - java.net.SocketException: Connection reset
2019-09-10 13:22:51,716 ERROR [TestNG - ServerConnection] - System.err - at java.net.SocketInputStream.read(Unknown Source)
2019-09-10 13:22:51,716 ERROR [TestNG - ServerConnection] - System.err - at java.net.SocketInputStream.read(Unknown Source)
2019-09-10 13:22:51,716 ERROR [TestNG - ServerConnection] - System.err - at sun.nio.cs.StreamDecoder.readBytes(Unknown Source)
2019-09-10 13:22:51,716 ERROR [TestNG - ServerConnection] - System.err - at sun.nio.cs.StreamDecoder.implRead(Unknown Source)
2019-09-10 13:22:51,716 ERROR [TestNG - ServerConnection] - System.err - at sun.nio.cs.StreamDecoder.read(Unknown Source)
2019-09-10 13:22:51,716 ERROR [TestNG - ServerConnection] - System.err - at java.io.InputStreamReader.read(Unknown Source)
2019-09-10 13:22:51,716 ERROR [TestNG - ServerConnection] - System.err - at java.io.BufferedReader.fill(Unknown Source)
2019-09-10 13:22:51,716 ERROR [TestNG - ServerConnection] - System.err - at java.io.BufferedReader.readLine(Unknown Source)
2019-09-10 13:22:51,716 ERROR [TestNG - ServerConnection] - System.err - at java.io.BufferedReader.readLine(Unknown Source)
2019-09-10 13:22:51,716 ERROR [TestNG - ServerConnection] - System.err - at org.testng.remote.strprotocol.JsonMessageSender.receiveMessage(JsonMessageSender.java:68)
2019-09-10 13:22:51,716 ERROR [TestNG - ServerConnection] - System.err - at org.testng.remote.strprotocol.MessageHub.receiveMessage(MessageHub.java:51)
2019-09-10 13:22:51,716 ERROR [TestNG - ServerConnection] - System.err - at org.testng.remote.strprotocol.AbstractRemoteTestRunnerClient$ServerConnection.run(AbstractRemoteTestRunnerClient.java:200)
2019-09-10 13:27:14,957 ERROR [TestNG - ServerConnection] - System.err - java.net.SocketException: Connection reset
2019-09-10 13:27:14,957 ERROR [TestNG - ServerConnection] - System.err - at java.net.SocketInputStream.read(Unknown Source)
2019-09-10 13:27:14,957 ERROR [TestNG - ServerConnection] - System.err - at java.net.SocketInputStream.read(Unknown Source)
2019-09-10 13:27:14,957 ERROR [TestNG - ServerConnection] - System.err - at sun.nio.cs.StreamDecoder.readBytes(Unknown Source)
2019-09-10 13:27:14,960 ERROR [TestNG - ServerConnection] - System.err - at sun.nio.cs.StreamDecoder.implRead(Unknown Source)
2019-09-10 13:27:14,960 ERROR [TestNG - ServerConnection] - System.err - at sun.nio.cs.StreamDecoder.read(Unknown Source)
2019-09-10 13:27:14,960 ERROR [TestNG - ServerConnection] - System.err - at java.io.InputStreamReader.read(Unknown Source)
2019-09-10 13:27:14,960 ERROR [TestNG - ServerConnection] - System.err - at java.io.BufferedReader.fill(Unknown Source)
2019-09-10 13:27:14,960 ERROR [TestNG - ServerConnection] - System.err - at java.io.BufferedReader.readLine(Unknown Source)
2019-09-10 13:27:14,960 ERROR [TestNG - ServerConnection] - System.err - at java.io.BufferedReader.readLine(Unknown Source)
2019-09-10 13:27:14,960 ERROR [TestNG - ServerConnection] - System.err - at org.testng.remote.strprotocol.JsonMessageSender.receiveMessage(JsonMessageSender.java:68)
2019-09-10 13:27:14,960 ERROR [TestNG - ServerConnection] - System.err - at org.testng.remote.strprotocol.MessageHub.receiveMessage(MessageHub.java:51)
2019-09-10 13:27:14,960 ERROR [TestNG - ServerConnection] - System.err - at org.testng.remote.strprotocol.AbstractRemoteTestRunnerClient$ServerConnection.run(AbstractRemoteTestRunnerClient.java:200)
2019-09-18 14:40:35,588 ERROR [main] - Statistics - Statistics file `C:\Users\Support\.scalaide\statistics` is corrupted. A new one is being created. Corrupted content was:

com.cedarsoftware.util.io.JsonIoException: error parsing JSON value
	at com.cedarsoftware.util.io.JsonReader.readObject(JsonReader.java:529)
	at com.cedarsoftware.util.io.JsonReader.jsonToJava(JsonReader.java:289)
	at com.cedarsoftware.util.io.JsonReader.jsonToJava(JsonReader.java:262)
	at org.scalaide.core.internal.statistics.Statistics.read(Statistics.scala:74)
	at org.scalaide.core.internal.statistics.Statistics.$anonfun$readStats$1(Statistics.scala:52)
	at org.scalaide.core.internal.statistics.Statistics.$anonfun$readStats$1$adapted(Statistics.scala:51)
	at org.scalaide.core.ScalaIdeDataStore$.$anonfun$validate$2(ScalaIdeDataStore.scala:59)
	at org.scalaide.util.eclipse.EclipseUtils$$anon$3.run(EclipseUtils.scala:230)
	at org.eclipse.core.runtime.SafeRunner.run(SafeRunner.java:42)
	at org.scalaide.util.eclipse.EclipseUtils$.withSafeRunner(EclipseUtils.scala:226)
	at org.scalaide.core.ScalaIdeDataStore$.validate(ScalaIdeDataStore.scala:59)
	at org.scalaide.core.internal.statistics.Statistics.readStats(Statistics.scala:51)
	at org.scalaide.core.internal.statistics.Statistics.<init>(Statistics.scala:30)
	at org.scalaide.core.internal.ScalaPlugin.stats$lzycompute(ScalaPlugin.scala:135)
	at org.scalaide.core.internal.ScalaPlugin.stats(ScalaPlugin.scala:135)
	at org.scalaide.core.internal.ScalaPlugin.statistics(ScalaPlugin.scala:138)
	at org.scalaide.core.internal.ScalaPlugin.start(ScalaPlugin.scala:109)
	at org.eclipse.osgi.internal.framework.BundleContextImpl$3.run(BundleContextImpl.java:779)
	at org.eclipse.osgi.internal.framework.BundleContextImpl$3.run(BundleContextImpl.java:1)
	at java.security.AccessController.doPrivileged(Native Method)
	at org.eclipse.osgi.internal.framework.BundleContextImpl.startActivator(BundleContextImpl.java:772)
	at org.eclipse.osgi.internal.framework.BundleContextImpl.start(BundleContextImpl.java:729)
	at org.eclipse.osgi.internal.framework.EquinoxBundle.startWorker0(EquinoxBundle.java:933)
	at org.eclipse.osgi.internal.framework.EquinoxBundle$EquinoxModule.startWorker(EquinoxBundle.java:309)
	at org.eclipse.osgi.container.Module.doStart(Module.java:581)
	at org.eclipse.osgi.container.Module.start(Module.java:449)
	at org.eclipse.osgi.framework.util.SecureAction.start(SecureAction.java:468)
	at org.eclipse.osgi.internal.hooks.EclipseLazyStarter.postFindLocalClass(EclipseLazyStarter.java:103)
	at org.eclipse.osgi.internal.loader.classpath.ClasspathManager.findLocalClass(ClasspathManager.java:529)
	at org.eclipse.osgi.internal.loader.ModuleClassLoader.findLocalClass(ModuleClassLoader.java:328)
	at org.eclipse.osgi.internal.loader.BundleLoader.findLocalClass(BundleLoader.java:368)
	at org.eclipse.osgi.internal.loader.BundleLoader.findClassInternal(BundleLoader.java:446)
	at org.eclipse.osgi.internal.loader.BundleLoader.findClass(BundleLoader.java:395)
	at org.eclipse.osgi.internal.loader.BundleLoader.findClass(BundleLoader.java:387)
	at org.eclipse.osgi.internal.loader.ModuleClassLoader.loadClass(ModuleClassLoader.java:150)
	at java.lang.ClassLoader.loadClass(Unknown Source)
	at org.eclipse.osgi.internal.framework.EquinoxBundle.loadClass(EquinoxBundle.java:564)
	at org.eclipse.core.internal.registry.osgi.RegistryStrategyOSGI.createExecutableExtension(RegistryStrategyOSGI.java:174)
	at org.eclipse.core.internal.registry.ExtensionRegistry.createExecutableExtension(ExtensionRegistry.java:905)
	at org.eclipse.core.internal.registry.ConfigurationElement.createExecutableExtension(ConfigurationElement.java:243)
	at org.eclipse.core.internal.registry.ConfigurationElementHandle.createExecutableExtension(ConfigurationElementHandle.java:55)
	at scala.tools.eclipse.contribution.weaving.jdt.imagedescriptor.ImageDescriptorSelectorRegistry.registerSelectors(ImageDescriptorSelectorRegistry.java:74)
	at scala.tools.eclipse.contribution.weaving.jdt.imagedescriptor.ImageDescriptorSelectorRegistry.iterator(ImageDescriptorSelectorRegistry.java:88)
	at scala.tools.eclipse.contribution.weaving.jdt.imagedescriptor.ImageDescriptorSelectorAspect.getImageDescriptor(ImageDescriptorSelectorAspect.aj:101)
	at scala.tools.eclipse.contribution.weaving.jdt.imagedescriptor.ImageDescriptorSelectorAspect.ajc$privMethod$scala_tools_eclipse_contribution_weaving_jdt_imagedescriptor_ImageDescriptorSelectorAspect$scala_tools_eclipse_contribution_weaving_jdt_imagedescriptor_ImageDescriptorSelectorAspect$getImageDescriptor(ImageDescriptorSelectorAspect.aj:1)
	at scala.tools.eclipse.contribution.weaving.jdt.imagedescriptor.ImageDescriptorSelectorAspect.ajc$around$scala_tools_eclipse_contribution_weaving_jdt_imagedescriptor_ImageDescriptorSelectorAspect$2$80f5da8d(ImageDescriptorSelectorAspect.aj:91)
	at org.eclipse.jdt.internal.ui.viewsupport.JavaElementImageProvider.computeDescriptor(JavaElementImageProvider.java:116)
	at org.eclipse.jdt.internal.ui.viewsupport.JavaElementImageProvider.getImageLabel(JavaElementImageProvider.java:98)
	at org.eclipse.jdt.internal.ui.viewsupport.JavaUILabelProvider.getImage(JavaUILabelProvider.java:142)
	at org.eclipse.jdt.internal.ui.packageview.PackageExplorerLabelProvider.getImage(PackageExplorerLabelProvider.java:137)
	at org.eclipse.jdt.internal.ui.navigator.JavaNavigatorLabelProvider.getImage(JavaNavigatorLabelProvider.java:134)
	at org.eclipse.ui.internal.navigator.NavigatorContentServiceLabelProvider.findImage(NavigatorContentServiceLabelProvider.java:199)
	at org.eclipse.ui.internal.navigator.NavigatorContentServiceLabelProvider.getColumnImage(NavigatorContentServiceLabelProvider.java:107)
	at org.eclipse.ui.internal.navigator.NavigatorContentServiceLabelProvider.getImage(NavigatorContentServiceLabelProvider.java:99)
	at org.eclipse.ui.internal.navigator.NavigatorDecoratingLabelProvider$StyledLabelProviderAdapter.getImage(NavigatorDecoratingLabelProvider.java:57)
	at org.eclipse.jface.viewers.DelegatingStyledCellLabelProvider.getImage(DelegatingStyledCellLabelProvider.java:195)
	at org.eclipse.jface.viewers.DecoratingStyledCellLabelProvider.getImage(DecoratingStyledCellLabelProvider.java:168)
	at org.eclipse.jface.viewers.DelegatingStyledCellLabelProvider.update(DelegatingStyledCellLabelProvider.java:121)
	at org.eclipse.jface.viewers.DecoratingStyledCellLabelProvider.update(DecoratingStyledCellLabelProvider.java:131)
	at org.eclipse.jface.viewers.ViewerColumn.refresh(ViewerColumn.java:141)
	at org.eclipse.jface.viewers.AbstractTreeViewer.doUpdateItem(AbstractTreeViewer.java:946)
	at org.eclipse.jface.viewers.AbstractTreeViewer$UpdateItemSafeRunnable.run(AbstractTreeViewer.java:117)
	at org.eclipse.core.runtime.SafeRunner.run(SafeRunner.java:42)
	at org.eclipse.ui.internal.JFaceUtil.lambda$0(JFaceUtil.java:44)
	at org.eclipse.jface.util.SafeRunnable.run(SafeRunnable.java:173)
	at org.eclipse.jface.viewers.AbstractTreeViewer.doUpdateItem(AbstractTreeViewer.java:1025)
	at org.eclipse.jface.viewers.StructuredViewer$UpdateItemSafeRunnable.run(StructuredViewer.java:475)
	at org.eclipse.core.runtime.SafeRunner.run(SafeRunner.java:42)
	at org.eclipse.ui.internal.JFaceUtil.lambda$0(JFaceUtil.java:44)
	at org.eclipse.jface.util.SafeRunnable.run(SafeRunnable.java:173)
	at org.eclipse.jface.viewers.StructuredViewer.updateItem(StructuredViewer.java:2159)
	at org.eclipse.jface.viewers.AbstractTreeViewer.createTreeItem(AbstractTreeViewer.java:840)
	at org.eclipse.jface.viewers.AbstractTreeViewer.lambda$0(AbstractTreeViewer.java:817)
	at org.eclipse.swt.custom.BusyIndicator.showWhile(BusyIndicator.java:70)
	at org.eclipse.jface.viewers.AbstractTreeViewer.createChildren(AbstractTreeViewer.java:792)
	at org.eclipse.jface.viewers.TreeViewer.createChildren(TreeViewer.java:595)
	at org.eclipse.jface.viewers.AbstractTreeViewer.createChildren(AbstractTreeViewer.java:763)
	at org.eclipse.jface.viewers.AbstractTreeViewer.internalInitializeTree(AbstractTreeViewer.java:1527)
	at org.eclipse.jface.viewers.TreeViewer.internalInitializeTree(TreeViewer.java:771)
	at org.eclipse.jface.viewers.AbstractTreeViewer.lambda$1(AbstractTreeViewer.java:1512)
	at org.eclipse.jface.viewers.StructuredViewer.preservingSelection(StructuredViewer.java:1447)
	at org.eclipse.jface.viewers.TreeViewer.preservingSelection(TreeViewer.java:354)
	at org.eclipse.jface.viewers.StructuredViewer.preservingSelection(StructuredViewer.java:1408)
	at org.eclipse.jface.viewers.AbstractTreeViewer.inputChanged(AbstractTreeViewer.java:1506)
	at org.eclipse.jface.viewers.ContentViewer.setInput(ContentViewer.java:286)
	at org.eclipse.jface.viewers.StructuredViewer.setInput(StructuredViewer.java:1685)
	at org.eclipse.ui.navigator.CommonNavigator.createPartControl(CommonNavigator.java:206)
	at org.eclipse.ui.navigator.resources.ProjectExplorer.createPartControl(ProjectExplorer.java:88)
	at org.eclipse.ui.internal.e4.compatibility.CompatibilityPart.createPartControl(CompatibilityPart.java:151)
	at org.eclipse.ui.internal.e4.compatibility.CompatibilityView.createPartControl(CompatibilityView.java:147)
	at org.eclipse.ui.internal.e4.compatibility.CompatibilityPart.create(CompatibilityPart.java:355)
	at sun.reflect.NativeMethodAccessorImpl.invoke0(Native Method)
	at sun.reflect.NativeMethodAccessorImpl.invoke(Unknown Source)
	at sun.reflect.DelegatingMethodAccessorImpl.invoke(Unknown Source)
	at java.lang.reflect.Method.invoke(Unknown Source)
	at org.eclipse.e4.core.internal.di.MethodRequestor.execute(MethodRequestor.java:55)
	at org.eclipse.e4.core.internal.di.InjectorImpl.processAnnotated(InjectorImpl.java:990)
	at org.eclipse.e4.core.internal.di.InjectorImpl.processAnnotated(InjectorImpl.java:955)
	at org.eclipse.e4.core.internal.di.InjectorImpl.inject(InjectorImpl.java:124)
	at org.eclipse.e4.core.internal.di.InjectorImpl.internalMake(InjectorImpl.java:399)
	at org.eclipse.e4.core.internal.di.InjectorImpl.make(InjectorImpl.java:318)
	at org.eclipse.e4.core.contexts.ContextInjectionFactory.make(ContextInjectionFactory.java:162)
	at org.eclipse.e4.ui.internal.workbench.ReflectionContributionFactory.createFromBundle(ReflectionContributionFactory.java:105)
	at org.eclipse.e4.ui.internal.workbench.ReflectionContributionFactory.doCreate(ReflectionContributionFactory.java:74)
	at org.eclipse.e4.ui.internal.workbench.ReflectionContributionFactory.create(ReflectionContributionFactory.java:56)
	at org.eclipse.e4.ui.workbench.renderers.swt.ContributedPartRenderer.createWidget(ContributedPartRenderer.java:129)
	at org.eclipse.e4.ui.internal.workbench.swt.PartRenderingEngine.createWidget(PartRenderingEngine.java:992)
	at org.eclipse.e4.ui.internal.workbench.swt.PartRenderingEngine.safeCreateGui(PartRenderingEngine.java:661)
	at org.eclipse.e4.ui.internal.workbench.swt.PartRenderingEngine$1.run(PartRenderingEngine.java:546)
	at org.eclipse.core.runtime.SafeRunner.run(SafeRunner.java:42)
	at org.eclipse.e4.ui.internal.workbench.swt.PartRenderingEngine.createGui(PartRenderingEngine.java:530)
	at org.eclipse.e4.ui.workbench.renderers.swt.ElementReferenceRenderer.createWidget(ElementReferenceRenderer.java:70)
	at org.eclipse.e4.ui.internal.workbench.swt.PartRenderingEngine.createWidget(PartRenderingEngine.java:992)
	at org.eclipse.e4.ui.internal.workbench.swt.PartRenderingEngine.safeCreateGui(PartRenderingEngine.java:661)
	at org.eclipse.e4.ui.internal.workbench.swt.PartRenderingEngine.safeCreateGui(PartRenderingEngine.java:767)
	at org.eclipse.e4.ui.internal.workbench.swt.PartRenderingEngine.access$0(PartRenderingEngine.java:738)
	at org.eclipse.e4.ui.internal.workbench.swt.PartRenderingEngine$2.run(PartRenderingEngine.java:732)
	at org.eclipse.core.runtime.SafeRunner.run(SafeRunner.java:42)
	at org.eclipse.e4.ui.internal.workbench.swt.PartRenderingEngine.createGui(PartRenderingEngine.java:716)
	at org.eclipse.e4.ui.workbench.renderers.swt.StackRenderer.showTab(StackRenderer.java:1293)
	at org.eclipse.e4.ui.workbench.renderers.swt.LazyStackRenderer.postProcess(LazyStackRenderer.java:97)
	at org.eclipse.e4.ui.internal.workbench.swt.PartRenderingEngine.safeCreateGui(PartRenderingEngine.java:679)
	at org.eclipse.e4.ui.internal.workbench.swt.PartRenderingEngine.safeCreateGui(PartRenderingEngine.java:767)
	at org.eclipse.e4.ui.internal.workbench.swt.PartRenderingEngine.access$0(PartRenderingEngine.java:738)
	at org.eclipse.e4.ui.internal.workbench.swt.PartRenderingEngine$2.run(PartRenderingEngine.java:732)
	at org.eclipse.core.runtime.SafeRunner.run(SafeRunner.java:42)
	at org.eclipse.e4.ui.internal.workbench.swt.PartRenderingEngine.createGui(PartRenderingEngine.java:716)
	at org.eclipse.e4.ui.workbench.renderers.swt.SWTPartRenderer.processContents(SWTPartRenderer.java:69)
	at org.eclipse.e4.ui.workbench.renderers.swt.SashRenderer.processContents(SashRenderer.java:137)
	at org.eclipse.e4.ui.internal.workbench.swt.PartRenderingEngine.safeCreateGui(PartRenderingEngine.java:675)
	at org.eclipse.e4.ui.internal.workbench.swt.PartRenderingEngine.safeCreateGui(PartRenderingEngine.java:767)
	at org.eclipse.e4.ui.internal.workbench.swt.PartRenderingEngine.access$0(PartRenderingEngine.java:738)
	at org.eclipse.e4.ui.internal.workbench.swt.PartRenderingEngine$2.run(PartRenderingEngine.java:732)
	at org.eclipse.core.runtime.SafeRunner.run(SafeRunner.java:42)
	at org.eclipse.e4.ui.internal.workbench.swt.PartRenderingEngine.createGui(PartRenderingEngine.java:716)
	at org.eclipse.e4.ui.workbench.renderers.swt.SWTPartRenderer.processContents(SWTPartRenderer.java:69)
	at org.eclipse.e4.ui.workbench.renderers.swt.PerspectiveRenderer.processContents(PerspectiveRenderer.java:49)
	at org.eclipse.e4.ui.internal.workbench.swt.PartRenderingEngine.safeCreateGui(PartRenderingEngine.java:675)
	at org.eclipse.e4.ui.internal.workbench.swt.PartRenderingEngine.safeCreateGui(PartRenderingEngine.java:767)
	at org.eclipse.e4.ui.internal.workbench.swt.PartRenderingEngine.access$0(PartRenderingEngine.java:738)
	at org.eclipse.e4.ui.internal.workbench.swt.PartRenderingEngine$2.run(PartRenderingEngine.java:732)
	at org.eclipse.core.runtime.SafeRunner.run(SafeRunner.java:42)
	at org.eclipse.e4.ui.internal.workbench.swt.PartRenderingEngine.createGui(PartRenderingEngine.java:716)
	at org.eclipse.e4.ui.workbench.renderers.swt.PerspectiveStackRenderer.showTab(PerspectiveStackRenderer.java:79)
	at org.eclipse.e4.ui.workbench.renderers.swt.LazyStackRenderer.postProcess(LazyStackRenderer.java:97)
	at org.eclipse.e4.ui.workbench.renderers.swt.PerspectiveStackRenderer.postProcess(PerspectiveStackRenderer.java:61)
	at org.eclipse.e4.ui.internal.workbench.swt.PartRenderingEngine.safeCreateGui(PartRenderingEngine.java:679)
	at org.eclipse.e4.ui.internal.workbench.swt.PartRenderingEngine.safeCreateGui(PartRenderingEngine.java:767)
	at org.eclipse.e4.ui.internal.workbench.swt.PartRenderingEngine.access$0(PartRenderingEngine.java:738)
	at org.eclipse.e4.ui.internal.workbench.swt.PartRenderingEngine$2.run(PartRenderingEngine.java:732)
	at org.eclipse.core.runtime.SafeRunner.run(SafeRunner.java:42)
	at org.eclipse.e4.ui.internal.workbench.swt.PartRenderingEngine.createGui(PartRenderingEngine.java:716)
	at org.eclipse.e4.ui.workbench.renderers.swt.SWTPartRenderer.processContents(SWTPartRenderer.java:69)
	at org.eclipse.e4.ui.workbench.renderers.swt.SashRenderer.processContents(SashRenderer.java:137)
	at org.eclipse.e4.ui.internal.workbench.swt.PartRenderingEngine.safeCreateGui(PartRenderingEngine.java:675)
	at org.eclipse.e4.ui.internal.workbench.swt.PartRenderingEngine.safeCreateGui(PartRenderingEngine.java:767)
	at org.eclipse.e4.ui.internal.workbench.swt.PartRenderingEngine.access$0(PartRenderingEngine.java:738)
	at org.eclipse.e4.ui.internal.workbench.swt.PartRenderingEngine$2.run(PartRenderingEngine.java:732)
	at org.eclipse.core.runtime.SafeRunner.run(SafeRunner.java:42)
	at org.eclipse.e4.ui.internal.workbench.swt.PartRenderingEngine.createGui(PartRenderingEngine.java:716)
	at org.eclipse.e4.ui.workbench.renderers.swt.SWTPartRenderer.processContents(SWTPartRenderer.java:69)
	at org.eclipse.e4.ui.workbench.renderers.swt.WBWRenderer.processContents(WBWRenderer.java:704)
	at org.eclipse.e4.ui.internal.workbench.swt.PartRenderingEngine.safeCreateGui(PartRenderingEngine.java:675)
	at org.eclipse.e4.ui.internal.workbench.swt.PartRenderingEngine.safeCreateGui(PartRenderingEngine.java:767)
	at org.eclipse.e4.ui.internal.workbench.swt.PartRenderingEngine.access$0(PartRenderingEngine.java:738)
	at org.eclipse.e4.ui.internal.workbench.swt.PartRenderingEngine$2.run(PartRenderingEngine.java:732)
	at org.eclipse.core.runtime.SafeRunner.run(SafeRunner.java:42)
	at org.eclipse.e4.ui.internal.workbench.swt.PartRenderingEngine.createGui(PartRenderingEngine.java:716)
	at org.eclipse.e4.ui.internal.workbench.swt.PartRenderingEngine$5.run(PartRenderingEngine.java:1076)
	at org.eclipse.core.databinding.observable.Realm.runWithDefault(Realm.java:336)
	at org.eclipse.e4.ui.internal.workbench.swt.PartRenderingEngine.run(PartRenderingEngine.java:1039)
	at org.eclipse.e4.ui.internal.workbench.E4Workbench.createAndRunUI(E4Workbench.java:153)
	at org.eclipse.ui.internal.Workbench.lambda$3(Workbench.java:680)
	at org.eclipse.core.databinding.observable.Realm.runWithDefault(Realm.java:336)
	at org.eclipse.ui.internal.Workbench.createAndRunWorkbench(Workbench.java:594)
	at org.eclipse.ui.PlatformUI.createAndRunWorkbench(PlatformUI.java:148)
	at org.eclipse.ui.internal.ide.application.IDEApplication.start(IDEApplication.java:151)
	at org.eclipse.equinox.internal.app.EclipseAppHandle.run(EclipseAppHandle.java:196)
	at org.eclipse.core.runtime.internal.adaptor.EclipseAppLauncher.runApplication(EclipseAppLauncher.java:134)
	at org.eclipse.core.runtime.internal.adaptor.EclipseAppLauncher.start(EclipseAppLauncher.java:104)
	at org.eclipse.core.runtime.adaptor.EclipseStarter.run(EclipseStarter.java:388)
	at org.eclipse.core.runtime.adaptor.EclipseStarter.run(EclipseStarter.java:243)
	at sun.reflect.NativeMethodAccessorImpl.invoke0(Native Method)
	at sun.reflect.NativeMethodAccessorImpl.invoke(Unknown Source)
	at sun.reflect.DelegatingMethodAccessorImpl.invoke(Unknown Source)
	at java.lang.reflect.Method.invoke(Unknown Source)
	at org.eclipse.equinox.launcher.Main.invokeFramework(Main.java:653)
	at org.eclipse.equinox.launcher.Main.basicRun(Main.java:590)
	at org.eclipse.equinox.launcher.Main.run(Main.java:1499)
Caused by: com.cedarsoftware.util.io.JsonIoException: EOF reached prematurely
	at com.cedarsoftware.util.io.JsonParser.error(JsonParser.java:584)
	at com.cedarsoftware.util.io.JsonParser.readValue(JsonParser.java:278)
	at com.cedarsoftware.util.io.JsonReader.readObject(JsonReader.java:521)
	... 188 more
2019-09-18 14:40:55,457 ERROR [Worker-6] - System.err - log4j:WARN File option not set for appender [file].
2019-09-18 14:40:55,462 ERROR [Worker-6] - System.err - log4j:WARN Are you using FileAppender instead of ConsoleAppender?
2019-09-18 14:40:55,839 ERROR [Worker-6] - System.err - AI: INFO 18-09-2019 14:40, 37: Configuration file 'ApplicationInsights.xml' was NOT found by default class loader
2019-09-18 14:40:55,840 ERROR [Worker-6] - System.err - AI: WARN 18-09-2019 14:40, 37: Failed to find configuration file, exception while fetching from library location: 'Illegal character in path at index 10: file:/D:/D drive/eclipse/configuration/org.eclipse.osgi/1020/0/.cp/lib/applicationinsights-core-2.0.1.jar'
2019-09-18 14:40:55,889 ERROR [Worker-6] - System.err - AI: WARN 18-09-2019 14:40, 37: Configuration file 'ApplicationInsights.xml' could not be found
2019-09-18 14:41:03,554 ERROR [DefaultQuickPulseCoordinator] - System.err - log4j:WARN No appenders could be found for logger (com.microsoft.applicationinsights.core.dependencies.http.client.protocol.RequestAddCookies).
2019-09-18 14:41:03,555 ERROR [DefaultQuickPulseCoordinator] - System.err - log4j:WARN Please initialize the log4j system properly.
2019-09-18 14:41:03,555 ERROR [DefaultQuickPulseCoordinator] - System.err - log4j:WARN See http://logging.apache.org/log4j/1.2/faq.html#noconfig for more info.
2019-09-18 14:46:54,437 ERROR [Thread-10] - System.err - [Fatal Error] :1:1: Content is not allowed in prolog.
2019-09-18 14:47:26,152 ERROR [Thread-10] - System.err - [Fatal Error] :1:1: Content is not allowed in prolog.
2019-09-18 14:47:47,243 ERROR [Thread-10] - System.err - [Fatal Error] :1:1: Content is not allowed in prolog.
2019-09-18 14:48:08,660 ERROR [Thread-10] - System.err - [Fatal Error] :1:1: Content is not allowed in prolog.
2019-09-18 14:48:30,150 ERROR [Thread-10] - System.err - [Fatal Error] :1:1: Content is not allowed in prolog.
2019-09-18 14:48:50,913 ERROR [Thread-10] - System.err - [Fatal Error] :1:1: Content is not allowed in prolog.
2019-09-18 14:49:12,964 ERROR [Thread-10] - System.err - [Fatal Error] :1:1: Content is not allowed in prolog.
2019-09-18 14:49:33,664 ERROR [Thread-10] - System.err - [Fatal Error] :1:1: Content is not allowed in prolog.
2019-09-18 14:49:54,828 ERROR [Thread-10] - System.err - [Fatal Error] :1:1: Content is not allowed in prolog.
2019-09-18 14:50:16,325 ERROR [Thread-10] - System.err - [Fatal Error] :1:1: Content is not allowed in prolog.
2019-09-18 14:50:37,723 ERROR [Thread-10] - System.err - [Fatal Error] :1:1: Content is not allowed in prolog.
2019-09-18 14:51:02,313 ERROR [Thread-10] - System.err - [Fatal Error] :1:1: Content is not allowed in prolog.
2019-09-18 14:51:23,303 ERROR [Thread-10] - System.err - [Fatal Error] :1:1: Content is not allowed in prolog.
2019-09-18 14:51:44,400 ERROR [Thread-10] - System.err - [Fatal Error] :1:1: Content is not allowed in prolog.
2019-09-18 14:52:05,360 ERROR [Thread-10] - System.err - [Fatal Error] :1:1: Content is not allowed in prolog.
2019-09-18 14:52:26,793 ERROR [Thread-10] - System.err - [Fatal Error] :1:1: Content is not allowed in prolog.
2019-09-18 14:52:48,196 ERROR [Thread-10] - System.err - [Fatal Error] :1:1: Content is not allowed in prolog.
2019-09-18 14:53:08,643 ERROR [Thread-10] - System.err - [Fatal Error] :1:1: Content is not allowed in prolog.
2019-09-18 14:53:29,216 ERROR [Thread-10] - System.err - [Fatal Error] :1:1: Content is not allowed in prolog.
2019-09-18 14:53:51,821 ERROR [Thread-10] - System.err - [Fatal Error] :1:1: Content is not allowed in prolog.
2019-09-18 14:54:13,701 ERROR [Thread-10] - System.err - [Fatal Error] :1:1: Content is not allowed in prolog.
2019-09-18 14:54:34,897 ERROR [Thread-10] - System.err - [Fatal Error] :1:1: Content is not allowed in prolog.
2019-09-18 14:54:58,342 ERROR [Thread-10] - System.err - [Fatal Error] :1:1: Content is not allowed in prolog.
2019-09-18 14:55:20,871 ERROR [Thread-10] - System.err - [Fatal Error] :1:1: Content is not allowed in prolog.
2019-09-18 14:55:42,383 ERROR [Thread-10] - System.err - [Fatal Error] :1:1: Content is not allowed in prolog.
2019-09-18 14:56:03,455 ERROR [Thread-10] - System.err - [Fatal Error] :1:1: Content is not allowed in prolog.
2019-09-18 14:56:24,386 ERROR [Thread-10] - System.err - [Fatal Error] :1:1: Content is not allowed in prolog.
2019-09-18 14:56:45,295 ERROR [Thread-10] - System.err - [Fatal Error] :1:1: Content is not allowed in prolog.
2019-09-18 14:57:06,839 ERROR [Thread-10] - System.err - [Fatal Error] :1:1: Content is not allowed in prolog.
2019-09-18 14:57:28,037 ERROR [Thread-10] - System.err - [Fatal Error] :1:1: Content is not allowed in prolog.
2019-09-18 14:57:49,851 ERROR [Thread-10] - System.err - [Fatal Error] :1:1: Content is not allowed in prolog.
2019-09-18 14:58:11,866 ERROR [Thread-10] - System.err - [Fatal Error] :1:1: Content is not allowed in prolog.
2019-09-18 14:58:32,955 ERROR [Thread-10] - System.err - [Fatal Error] :1:1: Content is not allowed in prolog.
2019-09-18 14:58:50,614 ERROR [Thread-10] - System.err - [Fatal Error] :1:1: Content is not allowed in prolog.
2019-09-18 14:59:11,932 ERROR [Thread-10] - System.err - [Fatal Error] :1:1: Content is not allowed in prolog.
2019-09-18 14:59:30,531 ERROR [Thread-10] - System.err - [Fatal Error] :1:1: Content is not allowed in prolog.
2019-09-18 14:59:49,045 ERROR [Thread-10] - System.err - [Fatal Error] :1:1: Content is not allowed in prolog.
2019-09-18 15:00:08,645 ERROR [Thread-10] - System.err - [Fatal Error] :1:1: Content is not allowed in prolog.
2019-09-18 15:00:27,759 ERROR [Thread-10] - System.err - [Fatal Error] :1:1: Content is not allowed in prolog.
2019-09-18 15:00:46,513 ERROR [Thread-10] - System.err - [Fatal Error] :1:1: Content is not allowed in prolog.
2019-09-18 15:01:04,891 ERROR [Thread-10] - System.err - [Fatal Error] :1:1: Content is not allowed in prolog.
2019-09-18 15:01:24,067 ERROR [Thread-10] - System.err - [Fatal Error] :1:1: Content is not allowed in prolog.
2019-09-18 15:01:43,903 ERROR [Thread-10] - System.err - [Fatal Error] :1:1: Content is not allowed in prolog.
2019-09-18 15:02:03,123 ERROR [Thread-10] - System.err - [Fatal Error] :1:1: Content is not allowed in prolog.
2019-09-18 15:02:22,299 ERROR [Thread-10] - System.err - [Fatal Error] :1:1: Content is not allowed in prolog.
2019-09-18 15:02:41,806 ERROR [Thread-10] - System.err - [Fatal Error] :1:1: Content is not allowed in prolog.
2019-09-18 15:03:01,844 ERROR [Thread-10] - System.err - [Fatal Error] :1:1: Content is not allowed in prolog.
2019-09-18 15:03:20,537 ERROR [Thread-10] - System.err - [Fatal Error] :1:1: Content is not allowed in prolog.
2019-09-18 15:03:39,175 ERROR [Thread-10] - System.err - [Fatal Error] :1:1: Content is not allowed in prolog.
2019-09-18 15:03:58,097 ERROR [Thread-10] - System.err - [Fatal Error] :1:1: Content is not allowed in prolog.
2019-09-18 15:04:17,054 ERROR [Thread-10] - System.err - [Fatal Error] :1:1: Content is not allowed in prolog.
2019-09-18 15:04:35,462 ERROR [Thread-10] - System.err - [Fatal Error] :1:1: Content is not allowed in prolog.
2019-09-18 15:04:54,540 ERROR [Thread-10] - System.err - [Fatal Error] :1:1: Content is not allowed in prolog.
2019-09-18 15:05:13,996 ERROR [Thread-10] - System.err - [Fatal Error] :1:1: Content is not allowed in prolog.
